<?xml version="1.0" encoding="UTF-8"?>
<testsuite xmlns:xsi="http://www.w3.org/2001/XMLSchema-instance" xsi:noNamespaceSchemaLocation="https://maven.apache.org/surefire/maven-surefire-plugin/xsd/surefire-test-report.xsd" name="com.bcbsma.api.RestAssuredIntegrationTest" time="46.66" tests="8" errors="0" skipped="0" failures="0">
  <properties>
[...]
</properties>
  <testcase name="secondTestmakeSureListAllWorksFine" classname="com.bcbsma.api.RestAssuredIntegrationTest" time="4.679"/>
  <testcase name="firstTestCreatePatientTest" classname="com.bcbsma.api.RestAssuredIntegrationTest" time="0.248"/>
  <testcase name="createAndDeletePatientValidateResponseTest" classname="com.bcbsma.api.RestAssuredIntegrationTest" time="0.285"/>
  <testcase name="createAndDuplicateTest" classname="com.bcbsma.api.RestAssuredIntegrationTest" time="0.152"/>
  <testcase name="createPatientValidateResponseTest" classname="com.bcbsma.api.RestAssuredIntegrationTest" time="0.046"/>
  <testcase name="whenGetAllPatients_thenOK" classname="com.bcbsma.api.RestAssuredIntegrationTest" time="1.034"/>
  <testcase name="firstTestCreatePatient" classname="com.bcbsma.api.RestAssuredIntegrationTest" time="0.08"/>
  <testcase name="thirdTestdeletePatient" classname="com.bcbsma.api.RestAssuredIntegrationTest" time="0.174"/>
</testsuite>